2017-мая-11 09-28-56 : Aerogis widget is starting. (loading config)
2017-мая-11 09-29-06 : Aerogis widget is exiting.
2017-мая-17 09-52-24 : Aerogis widget is starting. (loading config)
2017-мая-17 09-52-28 : Aerogis widget is exiting.
2017-мая-25 08-45-00 : Aerogis widget is starting. (loading config)
2017-мая-25 08-45-15 : Aerogis widget is exiting.
2017-мая-25 08-58-48 : Aerogis widget is starting. (loading config)
2017-мая-25 08-58-50 : Aerogis widget is exiting.
2017-июня-28 10-23-02 : Aerogis widget is starting. (loading config)
2017-июня-28 10-23-05 : Aerogis widget is exiting.
2017-июня-28 10-29-22 : Aerogis widget is starting. (loading config)
2017-июня-28 10-29-24 : Aerogis widget is exiting.
2017-июня-28 10-34-03 : Aerogis widget is starting. (loading config)
2017-июня-28 10-34-05 : Aerogis widget is exiting.
2017-июня-28 10-37-11 : Aerogis widget is starting. (loading config)
2017-июня-28 10-37-13 : Aerogis widget is exiting.
2017-июл.-07 16-07-45 : Aerogis widget is starting. (loading config)
2017-июл.-07 16-07-53 : Aerogis widget is exiting.
2017-июл.-07 16-51-02 : Aerogis widget is starting. (loading config)
2017-июл.-07 16-51-07 : Aerogis widget is exiting.
2017-июл.-07 16-51-16 : Aerogis widget is starting. (loading config)
2017-июл.-07 16-51-17 : Aerogis widget is exiting.
2017-сент.-18 16-20-36 : Aerogis widget is starting. (loading config)
2017-сент.-18 16-20-45 : Aerogis widget is exiting.
2017-сент.-18 16-21-12 : Aerogis widget is starting. (loading config)
2017-сент.-18 16-21-14 : Aerogis widget is exiting.
2017-сент.-18 16-38-01 : Aerogis widget is starting. (loading config)
2017-сент.-18 16-38-08 : Aerogis widget is exiting.
2017-сент.-19 08-33-21 : Aerogis widget is starting. (loading config)
2017-сент.-19 08-33-31 : Aerogis widget is exiting.
2017-сент.-19 08-33-41 : Aerogis widget is starting. (loading config)
2017-сент.-19 08-33-50 : Aerogis widget is exiting.
2017-сент.-19 09-07-33 : Aerogis widget is starting. (loading config)
2017-сент.-19 09-07-38 : Aerogis widget is exiting.
2017-сент.-19 09-18-22 : Aerogis widget is starting. (loading config)
2017-сент.-19 09-18-23 : Aerogis widget is exiting.
2017-сент.-19 09-29-34 : Aerogis widget is starting. (loading config)
2017-сент.-19 09-29-36 : Aerogis widget is exiting.
2017-сент.-19 10-24-01 : Aerogis widget is starting. (loading config)
2017-сент.-19 10-24-03 : Aerogis widget is exiting.
2017-сент.-19 10-26-13 : Aerogis widget is starting. (loading config)
2017-сент.-19 10-26-16 : Aerogis widget is exiting.
2017-сент.-25 14-50-32 : Aerogis widget is starting. (loading config)
2017-сент.-25 14-50-41 : Aerogis widget is exiting.
2017-сент.-25 14-52-05 : Aerogis widget is starting. (loading config)
2017-сент.-25 14-52-07 : Aerogis widget is exiting.
